{"/home/timtoh168/rithm/exercises/lectures/javascript/express-jobly/app.js": {"path":"/home/timtoh168/rithm/exercises/lectures/javascript/express-jobly/app.js","statementMap":{"0":{"start":{"line":5,"column":16},"end":{"line":5,"column":34}},"1":{"start":{"line":6,"column":13},"end":{"line":6,"column":28}},"2":{"start":{"line":8,"column":26},"end":{"line":8,"column":51}},"3":{"start":{"line":10,"column":28},"end":{"line":10,"column":56}},"4":{"start":{"line":11,"column":19},"end":{"line":11,"column":43}},"5":{"start":{"line":12,"column":24},"end":{"line":12,"column":53}},"6":{"start":{"line":13,"column":20},"end":{"line":13,"column":45}},"7":{"start":{"line":14,"column":19},"end":{"line":14,"column":43}},"8":{"start":{"line":16,"column":15},"end":{"line":16,"column":32}},"9":{"start":{"line":18,"column":12},"end":{"line":18,"column":21}},"10":{"start":{"line":20,"column":0},"end":{"line":20,"column":16}},"11":{"start":{"line":21,"column":0},"end":{"line":21,"column":24}},"12":{"start":{"line":22,"column":0},"end":{"line":22,"column":24}},"13":{"start":{"line":23,"column":0},"end":{"line":23,"column":25}},"14":{"start":{"line":25,"column":0},"end":{"line":25,"column":29}},"15":{"start":{"line":26,"column":0},"end":{"line":26,"column":39}},"16":{"start":{"line":27,"column":0},"end":{"line":27,"column":31}},"17":{"start":{"line":28,"column":0},"end":{"line":28,"column":29}},"18":{"start":{"line":32,"column":0},"end":{"line":34,"column":3}},"19":{"start":{"line":33,"column":2},"end":{"line":33,"column":28}},"20":{"start":{"line":37,"column":0},"end":{"line":45,"column":3}},"21":{"start":{"line":38,"column":2},"end":{"line":38,"column":64}},"22":{"start":{"line":38,"column":39},"end":{"line":38,"column":64}},"23":{"start":{"line":39,"column":17},"end":{"line":39,"column":34}},"24":{"start":{"line":40,"column":18},"end":{"line":40,"column":29}},"25":{"start":{"line":42,"column":2},"end":{"line":44,"column":5}},"26":{"start":{"line":47,"column":0},"end":{"line":47,"column":21}}},"fnMap":{"0":{"name":"(anonymous_0)","decl":{"start":{"line":32,"column":8},"end":{"line":32,"column":9}},"loc":{"start":{"line":32,"column":34},"end":{"line":34,"column":1}},"line":32},"1":{"name":"(anonymous_1)","decl":{"start":{"line":37,"column":8},"end":{"line":37,"column":9}},"loc":{"start":{"line":37,"column":39},"end":{"line":45,"column":1}},"line":37}},"branchMap":{"0":{"loc":{"start":{"line":38,"column":2},"end":{"line":38,"column":64}},"type":"if","locations":[{"start":{"line":38,"column":2},"end":{"line":38,"column":64}},{"start":{},"end":{}}],"line":38},"1":{"loc":{"start":{"line":39,"column":17},"end":{"line":39,"column":34}},"type":"binary-expr","locations":[{"start":{"line":39,"column":17},"end":{"line":39,"column":27}},{"start":{"line":39,"column":31},"end":{"line":39,"column":34}}],"line":39}},"s":{"0":1,"1":1,"2":1,"3":1,"4":1,"5":1,"6":1,"7":1,"8":1,"9":1,"10":1,"11":1,"12":1,"13":1,"14":1,"15":1,"16":1,"17":1,"18":1,"19":0,"20":1,"21":12,"22":0,"23":12,"24":12,"25":12,"26":1},"f":{"0":0,"1":12},"b":{"0":[0,12],"1":[12,0]},"_coverageSchema":"1a1c01bbd47fc00a2c39e90264f33305004495a9","hash":"aae8f8dab676d4a7eb1e060aa872a66919471447"}
,"/home/timtoh168/rithm/exercises/lectures/javascript/express-jobly/config.js": {"path":"/home/timtoh168/rithm/exercises/lectures/javascript/express-jobly/config.js","statementMap":{"0":{"start":{"line":5,"column":0},"end":{"line":5,"column":27}},"1":{"start":{"line":6,"column":0},"end":{"line":6,"column":18}},"2":{"start":{"line":8,"column":19},"end":{"line":8,"column":57}},"3":{"start":{"line":10,"column":13},"end":{"line":10,"column":38}},"4":{"start":{"line":14,"column":2},"end":{"line":16,"column":58}},"5":{"start":{"line":22,"column":27},"end":{"line":22,"column":67}},"6":{"start":{"line":24,"column":0},"end":{"line":24,"column":35}},"7":{"start":{"line":25,"column":0},"end":{"line":25,"column":46}},"8":{"start":{"line":26,"column":0},"end":{"line":26,"column":45}},"9":{"start":{"line":27,"column":0},"end":{"line":27,"column":61}},"10":{"start":{"line":28,"column":0},"end":{"line":28,"column":50}},"11":{"start":{"line":29,"column":0},"end":{"line":29,"column":19}},"12":{"start":{"line":31,"column":0},"end":{"line":36,"column":2}}},"fnMap":{"0":{"name":"getDatabaseUri","decl":{"start":{"line":13,"column":9},"end":{"line":13,"column":23}},"loc":{"start":{"line":13,"column":26},"end":{"line":17,"column":1}},"line":13}},"branchMap":{"0":{"loc":{"start":{"line":8,"column":19},"end":{"line":8,"column":57}},"type":"binary-expr","locations":[{"start":{"line":8,"column":19},"end":{"line":8,"column":41}},{"start":{"line":8,"column":45},"end":{"line":8,"column":57}}],"line":8},"1":{"loc":{"start":{"line":10,"column":13},"end":{"line":10,"column":38}},"type":"binary-expr","locations":[{"start":{"line":10,"column":13},"end":{"line":10,"column":30}},{"start":{"line":10,"column":34},"end":{"line":10,"column":38}}],"line":10},"2":{"loc":{"start":{"line":14,"column":9},"end":{"line":16,"column":57}},"type":"cond-expr","locations":[{"start":{"line":15,"column":8},"end":{"line":15,"column":37}},{"start":{"line":16,"column":8},"end":{"line":16,"column":57}}],"line":14},"3":{"loc":{"start":{"line":16,"column":8},"end":{"line":16,"column":57}},"type":"binary-expr","locations":[{"start":{"line":16,"column":8},"end":{"line":16,"column":32}},{"start":{"line":16,"column":36},"end":{"line":16,"column":57}}],"line":16},"4":{"loc":{"start":{"line":22,"column":27},"end":{"line":22,"column":67}},"type":"cond-expr","locations":[{"start":{"line":22,"column":61},"end":{"line":22,"column":62}},{"start":{"line":22,"column":65},"end":{"line":22,"column":67}}],"line":22}},"s":{"0":1,"1":1,"2":1,"3":1,"4":2,"5":1,"6":1,"7":1,"8":1,"9":1,"10":1,"11":1,"12":1},"f":{"0":2},"b":{"0":[1,0],"1":[1,1],"2":[2,0],"3":[0,0],"4":[1,0]},"_coverageSchema":"1a1c01bbd47fc00a2c39e90264f33305004495a9","hash":"be260b5c466b81d12067d914ad8b77698c38e060"}
,"/home/timtoh168/rithm/exercises/lectures/javascript/express-jobly/db.js": {"path":"/home/timtoh168/rithm/exercises/lectures/javascript/express-jobly/db.js","statementMap":{"0":{"start":{"line":5,"column":19},"end":{"line":5,"column":32}},"1":{"start":{"line":6,"column":27},"end":{"line":6,"column":46}},"2":{"start":{"line":8,"column":11},"end":{"line":10,"column":2}},"3":{"start":{"line":12,"column":0},"end":{"line":12,"column":13}},"4":{"start":{"line":14,"column":0},"end":{"line":14,"column":20}}},"fnMap":{},"branchMap":{},"s":{"0":1,"1":1,"2":1,"3":1,"4":1},"f":{},"b":{},"_coverageSchema":"1a1c01bbd47fc00a2c39e90264f33305004495a9","hash":"098f0dec3af2a7cf985f68bf66c08d5f6e51a711"}
,"/home/timtoh168/rithm/exercises/lectures/javascript/express-jobly/expressError.js": {"path":"/home/timtoh168/rithm/exercises/lectures/javascript/express-jobly/expressError.js","statementMap":{"0":{"start":{"line":11,"column":4},"end":{"line":11,"column":12}},"1":{"start":{"line":12,"column":4},"end":{"line":12,"column":27}},"2":{"start":{"line":13,"column":4},"end":{"line":13,"column":25}},"3":{"start":{"line":21,"column":4},"end":{"line":21,"column":24}},"4":{"start":{"line":29,"column":4},"end":{"line":29,"column":24}},"5":{"start":{"line":37,"column":4},"end":{"line":37,"column":24}},"6":{"start":{"line":45,"column":4},"end":{"line":45,"column":24}},"7":{"start":{"line":49,"column":0},"end":{"line":55,"column":2}}},"fnMap":{"0":{"name":"(anonymous_0)","decl":{"start":{"line":10,"column":2},"end":{"line":10,"column":3}},"loc":{"start":{"line":10,"column":31},"end":{"line":14,"column":3}},"line":10},"1":{"name":"(anonymous_1)","decl":{"start":{"line":20,"column":2},"end":{"line":20,"column":3}},"loc":{"start":{"line":20,"column":37},"end":{"line":22,"column":3}},"line":20},"2":{"name":"(anonymous_2)","decl":{"start":{"line":28,"column":2},"end":{"line":28,"column":3}},"loc":{"start":{"line":28,"column":40},"end":{"line":30,"column":3}},"line":28},"3":{"name":"(anonymous_3)","decl":{"start":{"line":36,"column":2},"end":{"line":36,"column":3}},"loc":{"start":{"line":36,"column":39},"end":{"line":38,"column":3}},"line":36},"4":{"name":"(anonymous_4)","decl":{"start":{"line":44,"column":2},"end":{"line":44,"column":3}},"loc":{"start":{"line":44,"column":39},"end":{"line":46,"column":3}},"line":44}},"branchMap":{"0":{"loc":{"start":{"line":20,"column":14},"end":{"line":20,"column":35}},"type":"default-arg","locations":[{"start":{"line":20,"column":24},"end":{"line":20,"column":35}}],"line":20},"1":{"loc":{"start":{"line":28,"column":14},"end":{"line":28,"column":38}},"type":"default-arg","locations":[{"start":{"line":28,"column":24},"end":{"line":28,"column":38}}],"line":28},"2":{"loc":{"start":{"line":36,"column":14},"end":{"line":36,"column":37}},"type":"default-arg","locations":[{"start":{"line":36,"column":24},"end":{"line":36,"column":37}}],"line":36},"3":{"loc":{"start":{"line":44,"column":14},"end":{"line":44,"column":37}},"type":"default-arg","locations":[{"start":{"line":44,"column":24},"end":{"line":44,"column":37}}],"line":44}},"s":{"0":12,"1":12,"2":12,"3":3,"4":5,"5":4,"6":0,"7":1},"f":{"0":12,"1":3,"2":5,"3":4,"4":0},"b":{"0":[0],"1":[5],"2":[0],"3":[0]},"_coverageSchema":"1a1c01bbd47fc00a2c39e90264f33305004495a9","hash":"e3ac3912018cadd1eeaf47c267e3659f67b752ff"}
,"/home/timtoh168/rithm/exercises/lectures/javascript/express-jobly/helpers/sql.js": {"path":"/home/timtoh168/rithm/exercises/lectures/javascript/express-jobly/helpers/sql.js","statementMap":{"0":{"start":{"line":3,"column":28},"end":{"line":3,"column":54}},"1":{"start":{"line":13,"column":15},"end":{"line":13,"column":40}},"2":{"start":{"line":14,"column":2},"end":{"line":14,"column":62}},"3":{"start":{"line":14,"column":25},"end":{"line":14,"column":62}},"4":{"start":{"line":17,"column":15},"end":{"line":19,"column":3}},"5":{"start":{"line":18,"column":6},"end":{"line":18,"column":52}},"6":{"start":{"line":21,"column":2},"end":{"line":24,"column":4}},"7":{"start":{"line":34,"column":2},"end":{"line":34,"column":80}},"8":{"start":{"line":37,"column":0},"end":{"line":37,"column":54}}},"fnMap":{"0":{"name":"sqlForPartialUpdate","decl":{"start":{"line":12,"column":9},"end":{"line":12,"column":28}},"loc":{"start":{"line":12,"column":52},"end":{"line":25,"column":1}},"line":12},"1":{"name":"(anonymous_1)","decl":{"start":{"line":17,"column":24},"end":{"line":17,"column":25}},"loc":{"start":{"line":18,"column":6},"end":{"line":18,"column":52}},"line":18},"2":{"name":"buildString","decl":{"start":{"line":33,"column":9},"end":{"line":33,"column":20}},"loc":{"start":{"line":33,"column":35},"end":{"line":35,"column":1}},"line":33}},"branchMap":{"0":{"loc":{"start":{"line":14,"column":2},"end":{"line":14,"column":62}},"type":"if","locations":[{"start":{"line":14,"column":2},"end":{"line":14,"column":62}},{"start":{},"end":{}}],"line":14},"1":{"loc":{"start":{"line":18,"column":10},"end":{"line":18,"column":37}},"type":"binary-expr","locations":[{"start":{"line":18,"column":10},"end":{"line":18,"column":26}},{"start":{"line":18,"column":30},"end":{"line":18,"column":37}}],"line":18},"2":{"loc":{"start":{"line":34,"column":9},"end":{"line":34,"column":79}},"type":"cond-expr","locations":[{"start":{"line":34,"column":36},"end":{"line":34,"column":74}},{"start":{"line":34,"column":77},"end":{"line":34,"column":79}}],"line":34}},"s":{"0":1,"1":2,"2":2,"3":0,"4":2,"5":2,"6":2,"7":0,"8":1},"f":{"0":2,"1":2,"2":0},"b":{"0":[0,2],"1":[2,2],"2":[0,0]},"_coverageSchema":"1a1c01bbd47fc00a2c39e90264f33305004495a9","hash":"62c5fd26f90450e4c36e3497b558d638d3e30abf"}
,"/home/timtoh168/rithm/exercises/lectures/javascript/express-jobly/helpers/tokens.js": {"path":"/home/timtoh168/rithm/exercises/lectures/javascript/express-jobly/helpers/tokens.js","statementMap":{"0":{"start":{"line":3,"column":12},"end":{"line":3,"column":35}},"1":{"start":{"line":4,"column":23},"end":{"line":4,"column":43}},"2":{"start":{"line":9,"column":2},"end":{"line":10,"column":58}},"3":{"start":{"line":12,"column":16},"end":{"line":15,"column":3}},"4":{"start":{"line":17,"column":2},"end":{"line":17,"column":39}},"5":{"start":{"line":20,"column":0},"end":{"line":20,"column":33}}},"fnMap":{"0":{"name":"createToken","decl":{"start":{"line":8,"column":9},"end":{"line":8,"column":20}},"loc":{"start":{"line":8,"column":27},"end":{"line":18,"column":1}},"line":8}},"branchMap":{"0":{"loc":{"start":{"line":14,"column":13},"end":{"line":14,"column":34}},"type":"binary-expr","locations":[{"start":{"line":14,"column":13},"end":{"line":14,"column":25}},{"start":{"line":14,"column":29},"end":{"line":14,"column":34}}],"line":14}},"s":{"0":1,"1":1,"2":2,"3":2,"4":2,"5":1},"f":{"0":2},"b":{"0":[2,1]},"_coverageSchema":"1a1c01bbd47fc00a2c39e90264f33305004495a9","hash":"463ad4c82fdeef17bb065a4b3b24657ce3c8dfa9"}
,"/home/timtoh168/rithm/exercises/lectures/javascript/express-jobly/middleware/auth.js": {"path":"/home/timtoh168/rithm/exercises/lectures/javascript/express-jobly/middleware/auth.js","statementMap":{"0":{"start":{"line":5,"column":12},"end":{"line":5,"column":35}},"1":{"start":{"line":6,"column":23},"end":{"line":6,"column":43}},"2":{"start":{"line":7,"column":30},"end":{"line":7,"column":56}},"3":{"start":{"line":19,"column":21},"end":{"line":19,"column":47}},"4":{"start":{"line":20,"column":2},"end":{"line":30,"column":3}},"5":{"start":{"line":21,"column":18},"end":{"line":21,"column":62}},"6":{"start":{"line":23,"column":4},"end":{"line":29,"column":5}},"7":{"start":{"line":25,"column":6},"end":{"line":25,"column":54}},"8":{"start":{"line":31,"column":2},"end":{"line":31,"column":16}},"9":{"start":{"line":41,"column":2},"end":{"line":41,"column":66}},"10":{"start":{"line":41,"column":52},"end":{"line":41,"column":66}},"11":{"start":{"line":42,"column":2},"end":{"line":42,"column":32}},"12":{"start":{"line":50,"column":2},"end":{"line":50,"column":74}},"13":{"start":{"line":50,"column":60},"end":{"line":50,"column":74}},"14":{"start":{"line":51,"column":2},"end":{"line":51,"column":32}},"15":{"start":{"line":60,"column":2},"end":{"line":63,"column":3}},"16":{"start":{"line":61,"column":4},"end":{"line":61,"column":57}},"17":{"start":{"line":61,"column":43},"end":{"line":61,"column":57}},"18":{"start":{"line":62,"column":4},"end":{"line":62,"column":74}},"19":{"start":{"line":62,"column":60},"end":{"line":62,"column":74}},"20":{"start":{"line":64,"column":2},"end":{"line":64,"column":32}},"21":{"start":{"line":68,"column":0},"end":{"line":73,"column":2}}},"fnMap":{"0":{"name":"authenticateJWT","decl":{"start":{"line":18,"column":9},"end":{"line":18,"column":24}},"loc":{"start":{"line":18,"column":41},"end":{"line":33,"column":1}},"line":18},"1":{"name":"ensureLoggedIn","decl":{"start":{"line":40,"column":9},"end":{"line":40,"column":23}},"loc":{"start":{"line":40,"column":40},"end":{"line":43,"column":1}},"line":40},"2":{"name":"ensureIsAdmin","decl":{"start":{"line":49,"column":9},"end":{"line":49,"column":22}},"loc":{"start":{"line":49,"column":39},"end":{"line":52,"column":1}},"line":49},"3":{"name":"ensureIsAdminOrCurrentUser","decl":{"start":{"line":59,"column":9},"end":{"line":59,"column":35}},"loc":{"start":{"line":59,"column":52},"end":{"line":65,"column":1}},"line":59}},"branchMap":{"0":{"loc":{"start":{"line":20,"column":2},"end":{"line":30,"column":3}},"type":"if","locations":[{"start":{"line":20,"column":2},"end":{"line":30,"column":3}},{"start":{},"end":{}}],"line":20},"1":{"loc":{"start":{"line":41,"column":2},"end":{"line":41,"column":66}},"type":"if","locations":[{"start":{"line":41,"column":2},"end":{"line":41,"column":66}},{"start":{},"end":{}}],"line":41},"2":{"loc":{"start":{"line":41,"column":6},"end":{"line":41,"column":50}},"type":"binary-expr","locations":[{"start":{"line":41,"column":6},"end":{"line":41,"column":21}},{"start":{"line":41,"column":25},"end":{"line":41,"column":50}}],"line":41},"3":{"loc":{"start":{"line":50,"column":2},"end":{"line":50,"column":74}},"type":"if","locations":[{"start":{"line":50,"column":2},"end":{"line":50,"column":74}},{"start":{},"end":{}}],"line":50},"4":{"loc":{"start":{"line":50,"column":6},"end":{"line":50,"column":58}},"type":"binary-expr","locations":[{"start":{"line":50,"column":6},"end":{"line":50,"column":21}},{"start":{"line":50,"column":25},"end":{"line":50,"column":58}}],"line":50},"5":{"loc":{"start":{"line":60,"column":2},"end":{"line":63,"column":3}},"type":"if","locations":[{"start":{"line":60,"column":2},"end":{"line":63,"column":3}},{"start":{},"end":{}}],"line":60},"6":{"loc":{"start":{"line":61,"column":4},"end":{"line":61,"column":57}},"type":"if","locations":[{"start":{"line":61,"column":4},"end":{"line":61,"column":57}},{"start":{},"end":{}}],"line":61},"7":{"loc":{"start":{"line":62,"column":4},"end":{"line":62,"column":74}},"type":"if","locations":[{"start":{"line":62,"column":4},"end":{"line":62,"column":74}},{"start":{},"end":{}}],"line":62}},"s":{"0":1,"1":1,"2":1,"3":16,"4":16,"5":12,"6":12,"7":12,"8":16,"9":0,"10":0,"11":0,"12":14,"13":9,"14":5,"15":0,"16":0,"17":0,"18":0,"19":0,"20":0,"21":1},"f":{"0":16,"1":0,"2":14,"3":0},"b":{"0":[12,4],"1":[0,0],"2":[0,0],"3":[9,5],"4":[14,12],"5":[0,0],"6":[0,0],"7":[0,0]},"_coverageSchema":"1a1c01bbd47fc00a2c39e90264f33305004495a9","hash":"c3729f3cb998128f4308d260ec458a6b403c9e4d"}
,"/home/timtoh168/rithm/exercises/lectures/javascript/express-jobly/models/company.js": {"path":"/home/timtoh168/rithm/exercises/lectures/javascript/express-jobly/models/company.js","statementMap":{"0":{"start":{"line":3,"column":11},"end":{"line":3,"column":27}},"1":{"start":{"line":4,"column":43},"end":{"line":4,"column":69}},"2":{"start":{"line":5,"column":45},"end":{"line":5,"column":70}},"3":{"start":{"line":20,"column":27},"end":{"line":23,"column":37}},"4":{"start":{"line":25,"column":4},"end":{"line":26,"column":64}},"5":{"start":{"line":26,"column":6},"end":{"line":26,"column":64}},"6":{"start":{"line":28,"column":19},"end":{"line":47,"column":5}},"7":{"start":{"line":48,"column":20},"end":{"line":48,"column":34}},"8":{"start":{"line":50,"column":4},"end":{"line":50,"column":19}},"9":{"start":{"line":59,"column":26},"end":{"line":59,"column":28}},"10":{"start":{"line":60,"column":19},"end":{"line":60,"column":21}},"11":{"start":{"line":63,"column":4},"end":{"line":67,"column":5}},"12":{"start":{"line":66,"column":6},"end":{"line":66,"column":69}},"13":{"start":{"line":70,"column":4},"end":{"line":73,"column":5}},"14":{"start":{"line":71,"column":6},"end":{"line":71,"column":61}},"15":{"start":{"line":72,"column":6},"end":{"line":72,"column":42}},"16":{"start":{"line":75,"column":4},"end":{"line":78,"column":5}},"17":{"start":{"line":76,"column":6},"end":{"line":76,"column":67}},"18":{"start":{"line":77,"column":6},"end":{"line":77,"column":39}},"19":{"start":{"line":80,"column":4},"end":{"line":83,"column":5}},"20":{"start":{"line":81,"column":6},"end":{"line":81,"column":67}},"21":{"start":{"line":82,"column":6},"end":{"line":82,"column":39}},"22":{"start":{"line":86,"column":25},"end":{"line":86,"column":51}},"23":{"start":{"line":88,"column":25},"end":{"line":98,"column":5}},"24":{"start":{"line":100,"column":4},"end":{"line":100,"column":29}},"25":{"start":{"line":112,"column":23},"end":{"line":119,"column":37}},"26":{"start":{"line":121,"column":20},"end":{"line":121,"column":38}},"27":{"start":{"line":123,"column":4},"end":{"line":123,"column":67}},"28":{"start":{"line":123,"column":18},"end":{"line":123,"column":67}},"29":{"start":{"line":125,"column":4},"end":{"line":125,"column":19}},"30":{"start":{"line":141,"column":32},"end":{"line":146,"column":8}},"31":{"start":{"line":147,"column":25},"end":{"line":147,"column":50}},"32":{"start":{"line":149,"column":21},"end":{"line":158,"column":34}},"33":{"start":{"line":159,"column":19},"end":{"line":159,"column":64}},"34":{"start":{"line":160,"column":20},"end":{"line":160,"column":34}},"35":{"start":{"line":162,"column":4},"end":{"line":162,"column":67}},"36":{"start":{"line":162,"column":18},"end":{"line":162,"column":67}},"37":{"start":{"line":164,"column":4},"end":{"line":164,"column":19}},"38":{"start":{"line":173,"column":19},"end":{"line":177,"column":36}},"39":{"start":{"line":178,"column":20},"end":{"line":178,"column":34}},"40":{"start":{"line":180,"column":4},"end":{"line":180,"column":67}},"41":{"start":{"line":180,"column":18},"end":{"line":180,"column":67}},"42":{"start":{"line":185,"column":0},"end":{"line":185,"column":25}}},"fnMap":{"0":{"name":"(anonymous_0)","decl":{"start":{"line":19,"column":2},"end":{"line":19,"column":3}},"loc":{"start":{"line":19,"column":76},"end":{"line":51,"column":3}},"line":19},"1":{"name":"(anonymous_1)","decl":{"start":{"line":58,"column":2},"end":{"line":58,"column":3}},"loc":{"start":{"line":58,"column":36},"end":{"line":101,"column":3}},"line":58},"2":{"name":"(anonymous_2)","decl":{"start":{"line":111,"column":2},"end":{"line":111,"column":3}},"loc":{"start":{"line":111,"column":27},"end":{"line":126,"column":3}},"line":111},"3":{"name":"(anonymous_3)","decl":{"start":{"line":140,"column":2},"end":{"line":140,"column":3}},"loc":{"start":{"line":140,"column":36},"end":{"line":165,"column":3}},"line":140},"4":{"name":"(anonymous_4)","decl":{"start":{"line":172,"column":2},"end":{"line":172,"column":3}},"loc":{"start":{"line":172,"column":30},"end":{"line":181,"column":3}},"line":172}},"branchMap":{"0":{"loc":{"start":{"line":25,"column":4},"end":{"line":26,"column":64}},"type":"if","locations":[{"start":{"line":25,"column":4},"end":{"line":26,"column":64}},{"start":{},"end":{}}],"line":25},"1":{"loc":{"start":{"line":58,"column":23},"end":{"line":58,"column":34}},"type":"default-arg","locations":[{"start":{"line":58,"column":32},"end":{"line":58,"column":34}}],"line":58},"2":{"loc":{"start":{"line":63,"column":4},"end":{"line":67,"column":5}},"type":"if","locations":[{"start":{"line":63,"column":4},"end":{"line":67,"column":5}},{"start":{},"end":{}}],"line":63},"3":{"loc":{"start":{"line":63,"column":8},"end":{"line":65,"column":47}},"type":"binary-expr","locations":[{"start":{"line":63,"column":8},"end":{"line":63,"column":27}},{"start":{"line":64,"column":6},"end":{"line":64,"column":25}},{"start":{"line":65,"column":6},"end":{"line":65,"column":47}}],"line":63},"4":{"loc":{"start":{"line":70,"column":4},"end":{"line":73,"column":5}},"type":"if","locations":[{"start":{"line":70,"column":4},"end":{"line":73,"column":5}},{"start":{},"end":{}}],"line":70},"5":{"loc":{"start":{"line":75,"column":4},"end":{"line":78,"column":5}},"type":"if","locations":[{"start":{"line":75,"column":4},"end":{"line":78,"column":5}},{"start":{},"end":{}}],"line":75},"6":{"loc":{"start":{"line":80,"column":4},"end":{"line":83,"column":5}},"type":"if","locations":[{"start":{"line":80,"column":4},"end":{"line":83,"column":5}},{"start":{},"end":{}}],"line":80},"7":{"loc":{"start":{"line":123,"column":4},"end":{"line":123,"column":67}},"type":"if","locations":[{"start":{"line":123,"column":4},"end":{"line":123,"column":67}},{"start":{},"end":{}}],"line":123},"8":{"loc":{"start":{"line":162,"column":4},"end":{"line":162,"column":67}},"type":"if","locations":[{"start":{"line":162,"column":4},"end":{"line":162,"column":67}},{"start":{},"end":{}}],"line":162},"9":{"loc":{"start":{"line":180,"column":4},"end":{"line":180,"column":67}},"type":"if","locations":[{"start":{"line":180,"column":4},"end":{"line":180,"column":67}},{"start":{},"end":{}}],"line":180}},"s":{"0":1,"1":1,"2":1,"3":3,"4":3,"5":0,"6":3,"7":3,"8":3,"9":0,"10":0,"11":0,"12":0,"13":0,"14":0,"15":0,"16":0,"17":0,"18":0,"19":0,"20":0,"21":0,"22":0,"23":0,"24":0,"25":0,"26":0,"27":0,"28":0,"29":0,"30":0,"31":0,"32":0,"33":0,"34":0,"35":0,"36":0,"37":0,"38":0,"39":0,"40":0,"41":0,"42":1},"f":{"0":3,"1":0,"2":0,"3":0,"4":0},"b":{"0":[0,3],"1":[0],"2":[0,0],"3":[0,0,0],"4":[0,0],"5":[0,0],"6":[0,0],"7":[0,0],"8":[0,0],"9":[0,0]},"_coverageSchema":"1a1c01bbd47fc00a2c39e90264f33305004495a9","hash":"afb0759c88a8fe2a242c7cd4a99734f559a1cb39"}
,"/home/timtoh168/rithm/exercises/lectures/javascript/express-jobly/models/job.js": {"path":"/home/timtoh168/rithm/exercises/lectures/javascript/express-jobly/models/job.js","statementMap":{"0":{"start":{"line":3,"column":11},"end":{"line":3,"column":27}},"1":{"start":{"line":4,"column":43},"end":{"line":4,"column":69}},"2":{"start":{"line":5,"column":45},"end":{"line":5,"column":70}},"3":{"start":{"line":20,"column":27},"end":{"line":23,"column":29}},"4":{"start":{"line":25,"column":4},"end":{"line":26,"column":56}},"5":{"start":{"line":26,"column":6},"end":{"line":26,"column":56}},"6":{"start":{"line":28,"column":19},"end":{"line":47,"column":18}},"7":{"start":{"line":48,"column":16},"end":{"line":48,"column":30}},"8":{"start":{"line":50,"column":4},"end":{"line":50,"column":15}},"9":{"start":{"line":59,"column":26},"end":{"line":59,"column":28}},"10":{"start":{"line":60,"column":19},"end":{"line":60,"column":21}},"11":{"start":{"line":63,"column":4},"end":{"line":67,"column":5}},"12":{"start":{"line":66,"column":6},"end":{"line":66,"column":69}},"13":{"start":{"line":70,"column":4},"end":{"line":73,"column":5}},"14":{"start":{"line":71,"column":6},"end":{"line":71,"column":61}},"15":{"start":{"line":72,"column":6},"end":{"line":72,"column":42}},"16":{"start":{"line":75,"column":4},"end":{"line":78,"column":5}},"17":{"start":{"line":76,"column":6},"end":{"line":76,"column":67}},"18":{"start":{"line":77,"column":6},"end":{"line":77,"column":39}},"19":{"start":{"line":80,"column":4},"end":{"line":83,"column":5}},"20":{"start":{"line":81,"column":6},"end":{"line":81,"column":67}},"21":{"start":{"line":82,"column":6},"end":{"line":82,"column":39}},"22":{"start":{"line":86,"column":25},"end":{"line":86,"column":51}},"23":{"start":{"line":88,"column":24},"end":{"line":98,"column":11}},"24":{"start":{"line":100,"column":4},"end":{"line":100,"column":28}},"25":{"start":{"line":111,"column":20},"end":{"line":118,"column":33}},"26":{"start":{"line":120,"column":16},"end":{"line":120,"column":31}},"27":{"start":{"line":122,"column":4},"end":{"line":122,"column":56}},"28":{"start":{"line":122,"column":14},"end":{"line":122,"column":56}},"29":{"start":{"line":124,"column":4},"end":{"line":124,"column":15}},"30":{"start":{"line":140,"column":32},"end":{"line":144,"column":8}},"31":{"start":{"line":145,"column":21},"end":{"line":145,"column":46}},"32":{"start":{"line":147,"column":21},"end":{"line":156,"column":48}},"33":{"start":{"line":157,"column":19},"end":{"line":157,"column":60}},"34":{"start":{"line":158,"column":16},"end":{"line":158,"column":30}},"35":{"start":{"line":160,"column":4},"end":{"line":160,"column":55}},"36":{"start":{"line":160,"column":14},"end":{"line":160,"column":55}},"37":{"start":{"line":162,"column":4},"end":{"line":162,"column":15}},"38":{"start":{"line":171,"column":19},"end":{"line":175,"column":28}},"39":{"start":{"line":176,"column":16},"end":{"line":176,"column":30}},"40":{"start":{"line":178,"column":4},"end":{"line":178,"column":55}},"41":{"start":{"line":178,"column":14},"end":{"line":178,"column":55}},"42":{"start":{"line":183,"column":0},"end":{"line":183,"column":21}}},"fnMap":{"0":{"name":"(anonymous_0)","decl":{"start":{"line":19,"column":2},"end":{"line":19,"column":3}},"loc":{"start":{"line":19,"column":68},"end":{"line":51,"column":3}},"line":19},"1":{"name":"(anonymous_1)","decl":{"start":{"line":58,"column":2},"end":{"line":58,"column":3}},"loc":{"start":{"line":58,"column":36},"end":{"line":101,"column":3}},"line":58},"2":{"name":"(anonymous_2)","decl":{"start":{"line":110,"column":2},"end":{"line":110,"column":3}},"loc":{"start":{"line":110,"column":23},"end":{"line":125,"column":3}},"line":110},"3":{"name":"(anonymous_3)","decl":{"start":{"line":139,"column":2},"end":{"line":139,"column":3}},"loc":{"start":{"line":139,"column":32},"end":{"line":163,"column":3}},"line":139},"4":{"name":"(anonymous_4)","decl":{"start":{"line":170,"column":2},"end":{"line":170,"column":3}},"loc":{"start":{"line":170,"column":26},"end":{"line":179,"column":3}},"line":170}},"branchMap":{"0":{"loc":{"start":{"line":25,"column":4},"end":{"line":26,"column":56}},"type":"if","locations":[{"start":{"line":25,"column":4},"end":{"line":26,"column":56}},{"start":{},"end":{}}],"line":25},"1":{"loc":{"start":{"line":58,"column":23},"end":{"line":58,"column":34}},"type":"default-arg","locations":[{"start":{"line":58,"column":32},"end":{"line":58,"column":34}}],"line":58},"2":{"loc":{"start":{"line":63,"column":4},"end":{"line":67,"column":5}},"type":"if","locations":[{"start":{"line":63,"column":4},"end":{"line":67,"column":5}},{"start":{},"end":{}}],"line":63},"3":{"loc":{"start":{"line":63,"column":8},"end":{"line":65,"column":47}},"type":"binary-expr","locations":[{"start":{"line":63,"column":8},"end":{"line":63,"column":27}},{"start":{"line":64,"column":6},"end":{"line":64,"column":25}},{"start":{"line":65,"column":6},"end":{"line":65,"column":47}}],"line":63},"4":{"loc":{"start":{"line":70,"column":4},"end":{"line":73,"column":5}},"type":"if","locations":[{"start":{"line":70,"column":4},"end":{"line":73,"column":5}},{"start":{},"end":{}}],"line":70},"5":{"loc":{"start":{"line":75,"column":4},"end":{"line":78,"column":5}},"type":"if","locations":[{"start":{"line":75,"column":4},"end":{"line":78,"column":5}},{"start":{},"end":{}}],"line":75},"6":{"loc":{"start":{"line":80,"column":4},"end":{"line":83,"column":5}},"type":"if","locations":[{"start":{"line":80,"column":4},"end":{"line":83,"column":5}},{"start":{},"end":{}}],"line":80},"7":{"loc":{"start":{"line":122,"column":4},"end":{"line":122,"column":56}},"type":"if","locations":[{"start":{"line":122,"column":4},"end":{"line":122,"column":56}},{"start":{},"end":{}}],"line":122},"8":{"loc":{"start":{"line":160,"column":4},"end":{"line":160,"column":55}},"type":"if","locations":[{"start":{"line":160,"column":4},"end":{"line":160,"column":55}},{"start":{},"end":{}}],"line":160},"9":{"loc":{"start":{"line":178,"column":4},"end":{"line":178,"column":55}},"type":"if","locations":[{"start":{"line":178,"column":4},"end":{"line":178,"column":55}},{"start":{},"end":{}}],"line":178}},"s":{"0":1,"1":1,"2":1,"3":4,"4":4,"5":0,"6":4,"7":4,"8":4,"9":0,"10":0,"11":0,"12":0,"13":0,"14":0,"15":0,"16":0,"17":0,"18":0,"19":0,"20":0,"21":0,"22":0,"23":0,"24":0,"25":2,"26":2,"27":2,"28":1,"29":1,"30":2,"31":2,"32":2,"33":2,"34":2,"35":2,"36":1,"37":1,"38":2,"39":2,"40":2,"41":1,"42":1},"f":{"0":4,"1":0,"2":2,"3":2,"4":2},"b":{"0":[0,4],"1":[0],"2":[0,0],"3":[0,0,0],"4":[0,0],"5":[0,0],"6":[0,0],"7":[1,1],"8":[1,1],"9":[1,1]},"_coverageSchema":"1a1c01bbd47fc00a2c39e90264f33305004495a9","hash":"1dcdbd8ab0ead7ad30d237585dae67e11dc41560"}
,"/home/timtoh168/rithm/exercises/lectures/javascript/express-jobly/models/user.js": {"path":"/home/timtoh168/rithm/exercises/lectures/javascript/express-jobly/models/user.js","statementMap":{"0":{"start":{"line":3,"column":11},"end":{"line":3,"column":27}},"1":{"start":{"line":4,"column":15},"end":{"line":4,"column":32}},"2":{"start":{"line":5,"column":32},"end":{"line":5,"column":57}},"3":{"start":{"line":10,"column":4},"end":{"line":10,"column":30}},"4":{"start":{"line":12,"column":31},"end":{"line":12,"column":54}},"5":{"start":{"line":26,"column":19},"end":{"line":35,"column":5}},"6":{"start":{"line":37,"column":17},"end":{"line":37,"column":31}},"7":{"start":{"line":39,"column":4},"end":{"line":46,"column":5}},"8":{"start":{"line":41,"column":22},"end":{"line":41,"column":67}},"9":{"start":{"line":42,"column":6},"end":{"line":45,"column":7}},"10":{"start":{"line":43,"column":8},"end":{"line":43,"column":29}},"11":{"start":{"line":44,"column":8},"end":{"line":44,"column":20}},"12":{"start":{"line":48,"column":4},"end":{"line":48,"column":61}},"13":{"start":{"line":60,"column":27},"end":{"line":64,"column":5}},"14":{"start":{"line":66,"column":4},"end":{"line":68,"column":5}},"15":{"start":{"line":67,"column":6},"end":{"line":67,"column":67}},"16":{"start":{"line":70,"column":27},"end":{"line":70,"column":74}},"17":{"start":{"line":72,"column":19},"end":{"line":94,"column":5}},"18":{"start":{"line":96,"column":17},"end":{"line":96,"column":31}},"19":{"start":{"line":98,"column":4},"end":{"line":98,"column":16}},"20":{"start":{"line":107,"column":19},"end":{"line":115,"column":5}},"21":{"start":{"line":117,"column":4},"end":{"line":117,"column":23}},"22":{"start":{"line":129,"column":20},"end":{"line":137,"column":5}},"23":{"start":{"line":139,"column":17},"end":{"line":139,"column":32}},"24":{"start":{"line":141,"column":4},"end":{"line":141,"column":63}},"25":{"start":{"line":141,"column":15},"end":{"line":141,"column":63}},"26":{"start":{"line":143,"column":4},"end":{"line":143,"column":16}},"27":{"start":{"line":164,"column":4},"end":{"line":166,"column":5}},"28":{"start":{"line":165,"column":6},"end":{"line":165,"column":75}},"29":{"start":{"line":168,"column":32},"end":{"line":174,"column":8}},"30":{"start":{"line":175,"column":27},"end":{"line":175,"column":52}},"31":{"start":{"line":176,"column":4},"end":{"line":176,"column":37}},"32":{"start":{"line":177,"column":4},"end":{"line":177,"column":35}},"33":{"start":{"line":178,"column":21},"end":{"line":186,"column":34}},"34":{"start":{"line":187,"column":19},"end":{"line":187,"column":66}},"35":{"start":{"line":188,"column":17},"end":{"line":188,"column":31}},"36":{"start":{"line":190,"column":4},"end":{"line":190,"column":63}},"37":{"start":{"line":190,"column":15},"end":{"line":190,"column":63}},"38":{"start":{"line":192,"column":4},"end":{"line":192,"column":25}},"39":{"start":{"line":193,"column":4},"end":{"line":193,"column":16}},"40":{"start":{"line":199,"column":17},"end":{"line":204,"column":5}},"41":{"start":{"line":205,"column":17},"end":{"line":205,"column":31}},"42":{"start":{"line":207,"column":4},"end":{"line":207,"column":63}},"43":{"start":{"line":207,"column":15},"end":{"line":207,"column":63}},"44":{"start":{"line":212,"column":0},"end":{"line":212,"column":22}}},"fnMap":{"0":{"name":"(anonymous_0)","decl":{"start":{"line":24,"column":2},"end":{"line":24,"column":3}},"loc":{"start":{"line":24,"column":48},"end":{"line":49,"column":3}},"line":24},"1":{"name":"(anonymous_1)","decl":{"start":{"line":58,"column":2},"end":{"line":58,"column":3}},"loc":{"start":{"line":59,"column":65},"end":{"line":99,"column":3}},"line":59},"2":{"name":"(anonymous_2)","decl":{"start":{"line":106,"column":2},"end":{"line":106,"column":3}},"loc":{"start":{"line":106,"column":25},"end":{"line":118,"column":3}},"line":106},"3":{"name":"(anonymous_3)","decl":{"start":{"line":128,"column":2},"end":{"line":128,"column":3}},"loc":{"start":{"line":128,"column":29},"end":{"line":144,"column":3}},"line":128},"4":{"name":"(anonymous_4)","decl":{"start":{"line":163,"column":2},"end":{"line":163,"column":3}},"loc":{"start":{"line":163,"column":38},"end":{"line":194,"column":3}},"line":163},"5":{"name":"(anonymous_5)","decl":{"start":{"line":198,"column":2},"end":{"line":198,"column":3}},"loc":{"start":{"line":198,"column":32},"end":{"line":208,"column":3}},"line":198}},"branchMap":{"0":{"loc":{"start":{"line":39,"column":4},"end":{"line":46,"column":5}},"type":"if","locations":[{"start":{"line":39,"column":4},"end":{"line":46,"column":5}},{"start":{},"end":{}}],"line":39},"1":{"loc":{"start":{"line":42,"column":6},"end":{"line":45,"column":7}},"type":"if","locations":[{"start":{"line":42,"column":6},"end":{"line":45,"column":7}},{"start":{},"end":{}}],"line":42},"2":{"loc":{"start":{"line":66,"column":4},"end":{"line":68,"column":5}},"type":"if","locations":[{"start":{"line":66,"column":4},"end":{"line":68,"column":5}},{"start":{},"end":{}}],"line":66},"3":{"loc":{"start":{"line":141,"column":4},"end":{"line":141,"column":63}},"type":"if","locations":[{"start":{"line":141,"column":4},"end":{"line":141,"column":63}},{"start":{},"end":{}}],"line":141},"4":{"loc":{"start":{"line":164,"column":4},"end":{"line":166,"column":5}},"type":"if","locations":[{"start":{"line":164,"column":4},"end":{"line":166,"column":5}},{"start":{},"end":{}}],"line":164},"5":{"loc":{"start":{"line":190,"column":4},"end":{"line":190,"column":63}},"type":"if","locations":[{"start":{"line":190,"column":4},"end":{"line":190,"column":63}},{"start":{},"end":{}}],"line":190},"6":{"loc":{"start":{"line":207,"column":4},"end":{"line":207,"column":63}},"type":"if","locations":[{"start":{"line":207,"column":4},"end":{"line":207,"column":63}},{"start":{},"end":{}}],"line":207}},"s":{"0":1,"1":1,"2":1,"3":1,"4":1,"5":0,"6":0,"7":0,"8":0,"9":0,"10":0,"11":0,"12":0,"13":3,"14":3,"15":0,"16":3,"17":3,"18":3,"19":3,"20":0,"21":0,"22":0,"23":0,"24":0,"25":0,"26":0,"27":0,"28":0,"29":0,"30":0,"31":0,"32":0,"33":0,"34":0,"35":0,"36":0,"37":0,"38":0,"39":0,"40":0,"41":0,"42":0,"43":0,"44":1},"f":{"0":0,"1":3,"2":0,"3":0,"4":0,"5":0},"b":{"0":[0,0],"1":[0,0],"2":[0,3],"3":[0,0],"4":[0,0],"5":[0,0],"6":[0,0]},"_coverageSchema":"1a1c01bbd47fc00a2c39e90264f33305004495a9","hash":"804db0c9acd5718a7a8134d9d488e24c9c19bfe5"}
,"/home/timtoh168/rithm/exercises/lectures/javascript/express-jobly/routes/_testCommon.js": {"path":"/home/timtoh168/rithm/exercises/lectures/javascript/express-jobly/routes/_testCommon.js","statementMap":{"0":{"start":{"line":3,"column":11},"end":{"line":3,"column":30}},"1":{"start":{"line":4,"column":13},"end":{"line":4,"column":38}},"2":{"start":{"line":5,"column":16},"end":{"line":5,"column":44}},"3":{"start":{"line":6,"column":12},"end":{"line":6,"column":36}},"4":{"start":{"line":7,"column":24},"end":{"line":7,"column":52}},"5":{"start":{"line":11,"column":2},"end":{"line":11,"column":38}},"6":{"start":{"line":13,"column":2},"end":{"line":13,"column":42}},"7":{"start":{"line":15,"column":2},"end":{"line":15,"column":37}},"8":{"start":{"line":17,"column":2},"end":{"line":24,"column":7}},"9":{"start":{"line":25,"column":2},"end":{"line":32,"column":7}},"10":{"start":{"line":33,"column":2},"end":{"line":40,"column":7}},"11":{"start":{"line":42,"column":2},"end":{"line":49,"column":5}},"12":{"start":{"line":50,"column":2},"end":{"line":57,"column":5}},"13":{"start":{"line":58,"column":2},"end":{"line":65,"column":5}},"14":{"start":{"line":67,"column":2},"end":{"line":73,"column":5}},"15":{"start":{"line":74,"column":2},"end":{"line":80,"column":5}},"16":{"start":{"line":81,"column":2},"end":{"line":87,"column":5}},"17":{"start":{"line":91,"column":2},"end":{"line":91,"column":26}},"18":{"start":{"line":95,"column":2},"end":{"line":95,"column":29}},"19":{"start":{"line":99,"column":2},"end":{"line":99,"column":17}},"20":{"start":{"line":103,"column":16},"end":{"line":103,"column":62}},"21":{"start":{"line":104,"column":16},"end":{"line":104,"column":63}},"22":{"start":{"line":106,"column":0},"end":{"line":113,"column":2}}},"fnMap":{"0":{"name":"commonBeforeAll","decl":{"start":{"line":9,"column":15},"end":{"line":9,"column":30}},"loc":{"start":{"line":9,"column":33},"end":{"line":88,"column":1}},"line":9},"1":{"name":"commonBeforeEach","decl":{"start":{"line":90,"column":15},"end":{"line":90,"column":31}},"loc":{"start":{"line":90,"column":34},"end":{"line":92,"column":1}},"line":90},"2":{"name":"commonAfterEach","decl":{"start":{"line":94,"column":15},"end":{"line":94,"column":30}},"loc":{"start":{"line":94,"column":33},"end":{"line":96,"column":1}},"line":94},"3":{"name":"commonAfterAll","decl":{"start":{"line":98,"column":15},"end":{"line":98,"column":29}},"loc":{"start":{"line":98,"column":32},"end":{"line":100,"column":1}},"line":98}},"branchMap":{},"s":{"0":1,"1":1,"2":1,"3":1,"4":1,"5":1,"6":1,"7":1,"8":1,"9":1,"10":1,"11":1,"12":1,"13":1,"14":1,"15":1,"16":1,"17":16,"18":16,"19":1,"20":1,"21":1,"22":1},"f":{"0":1,"1":16,"2":16,"3":1},"b":{},"_coverageSchema":"1a1c01bbd47fc00a2c39e90264f33305004495a9","hash":"7434c851b5fec8a1b2f92e30712ed3ba7ee3f77b"}
,"/home/timtoh168/rithm/exercises/lectures/javascript/express-jobly/routes/auth.js": {"path":"/home/timtoh168/rithm/exercises/lectures/javascript/express-jobly/routes/auth.js","statementMap":{"0":{"start":{"line":5,"column":19},"end":{"line":5,"column":40}},"1":{"start":{"line":7,"column":13},"end":{"line":7,"column":38}},"2":{"start":{"line":8,"column":16},"end":{"line":8,"column":34}},"3":{"start":{"line":9,"column":15},"end":{"line":9,"column":35}},"4":{"start":{"line":10,"column":24},"end":{"line":10,"column":52}},"5":{"start":{"line":11,"column":23},"end":{"line":11,"column":58}},"6":{"start":{"line":12,"column":27},"end":{"line":12,"column":66}},"7":{"start":{"line":13,"column":28},"end":{"line":13,"column":54}},"8":{"start":{"line":22,"column":0},"end":{"line":37,"column":3}},"9":{"start":{"line":23,"column":20},"end":{"line":27,"column":3}},"10":{"start":{"line":28,"column":2},"end":{"line":31,"column":3}},"11":{"start":{"line":29,"column":17},"end":{"line":29,"column":51}},"12":{"start":{"line":29,"column":43},"end":{"line":29,"column":50}},"13":{"start":{"line":30,"column":4},"end":{"line":30,"column":36}},"14":{"start":{"line":33,"column":33},"end":{"line":33,"column":41}},"15":{"start":{"line":34,"column":15},"end":{"line":34,"column":58}},"16":{"start":{"line":35,"column":16},"end":{"line":35,"column":33}},"17":{"start":{"line":36,"column":2},"end":{"line":36,"column":29}},"18":{"start":{"line":49,"column":0},"end":{"line":63,"column":3}},"19":{"start":{"line":50,"column":20},"end":{"line":54,"column":3}},"20":{"start":{"line":55,"column":2},"end":{"line":58,"column":3}},"21":{"start":{"line":56,"column":17},"end":{"line":56,"column":51}},"22":{"start":{"line":56,"column":43},"end":{"line":56,"column":50}},"23":{"start":{"line":57,"column":4},"end":{"line":57,"column":36}},"24":{"start":{"line":60,"column":18},"end":{"line":60,"column":70}},"25":{"start":{"line":61,"column":16},"end":{"line":61,"column":36}},"26":{"start":{"line":62,"column":2},"end":{"line":62,"column":41}},"27":{"start":{"line":66,"column":0},"end":{"line":66,"column":24}}},"fnMap":{"0":{"name":"(anonymous_0)","decl":{"start":{"line":22,"column":22},"end":{"line":22,"column":23}},"loc":{"start":{"line":22,"column":54},"end":{"line":37,"column":1}},"line":22},"1":{"name":"(anonymous_1)","decl":{"start":{"line":29,"column":38},"end":{"line":29,"column":39}},"loc":{"start":{"line":29,"column":43},"end":{"line":29,"column":50}},"line":29},"2":{"name":"(anonymous_2)","decl":{"start":{"line":49,"column":25},"end":{"line":49,"column":26}},"loc":{"start":{"line":49,"column":57},"end":{"line":63,"column":1}},"line":49},"3":{"name":"(anonymous_3)","decl":{"start":{"line":56,"column":38},"end":{"line":56,"column":39}},"loc":{"start":{"line":56,"column":43},"end":{"line":56,"column":50}},"line":56}},"branchMap":{"0":{"loc":{"start":{"line":28,"column":2},"end":{"line":31,"column":3}},"type":"if","locations":[{"start":{"line":28,"column":2},"end":{"line":31,"column":3}},{"start":{},"end":{}}],"line":28},"1":{"loc":{"start":{"line":55,"column":2},"end":{"line":58,"column":3}},"type":"if","locations":[{"start":{"line":55,"column":2},"end":{"line":58,"column":3}},{"start":{},"end":{}}],"line":55}},"s":{"0":1,"1":1,"2":1,"3":1,"4":1,"5":1,"6":1,"7":1,"8":1,"9":0,"10":0,"11":0,"12":0,"13":0,"14":0,"15":0,"16":0,"17":0,"18":1,"19":0,"20":0,"21":0,"22":0,"23":0,"24":0,"25":0,"26":0,"27":1},"f":{"0":0,"1":0,"2":0,"3":0},"b":{"0":[0,0],"1":[0,0]},"_coverageSchema":"1a1c01bbd47fc00a2c39e90264f33305004495a9","hash":"2b08188b530f61e64371b0967246397030059b10"}
,"/home/timtoh168/rithm/exercises/lectures/javascript/express-jobly/routes/companies.js": {"path":"/home/timtoh168/rithm/exercises/lectures/javascript/express-jobly/routes/companies.js","statementMap":{"0":{"start":{"line":5,"column":19},"end":{"line":5,"column":40}},"1":{"start":{"line":6,"column":16},"end":{"line":6,"column":34}},"2":{"start":{"line":8,"column":28},"end":{"line":8,"column":54}},"3":{"start":{"line":9,"column":26},"end":{"line":9,"column":55}},"4":{"start":{"line":10,"column":16},"end":{"line":10,"column":44}},"5":{"start":{"line":12,"column":25},"end":{"line":12,"column":62}},"6":{"start":{"line":13,"column":28},"end":{"line":13,"column":68}},"7":{"start":{"line":14,"column":25},"end":{"line":14,"column":62}},"8":{"start":{"line":16,"column":15},"end":{"line":16,"column":35}},"9":{"start":{"line":28,"column":0},"end":{"line":41,"column":3}},"10":{"start":{"line":29,"column":20},"end":{"line":33,"column":3}},"11":{"start":{"line":34,"column":2},"end":{"line":37,"column":3}},"12":{"start":{"line":35,"column":17},"end":{"line":35,"column":51}},"13":{"start":{"line":35,"column":43},"end":{"line":35,"column":50}},"14":{"start":{"line":36,"column":4},"end":{"line":36,"column":36}},"15":{"start":{"line":39,"column":18},"end":{"line":39,"column":48}},"16":{"start":{"line":40,"column":2},"end":{"line":40,"column":43}},"17":{"start":{"line":54,"column":0},"end":{"line":79,"column":3}},"18":{"start":{"line":55,"column":22},"end":{"line":55,"column":24}},"19":{"start":{"line":57,"column":2},"end":{"line":65,"column":5}},"20":{"start":{"line":58,"column":22},"end":{"line":58,"column":44}},"21":{"start":{"line":60,"column":4},"end":{"line":64,"column":5}},"22":{"start":{"line":61,"column":6},"end":{"line":61,"column":40}},"23":{"start":{"line":63,"column":6},"end":{"line":63,"column":37}},"24":{"start":{"line":67,"column":20},"end":{"line":71,"column":3}},"25":{"start":{"line":72,"column":2},"end":{"line":75,"column":3}},"26":{"start":{"line":73,"column":17},"end":{"line":73,"column":51}},"27":{"start":{"line":73,"column":43},"end":{"line":73,"column":50}},"28":{"start":{"line":74,"column":4},"end":{"line":74,"column":36}},"29":{"start":{"line":77,"column":20},"end":{"line":77,"column":54}},"30":{"start":{"line":78,"column":2},"end":{"line":78,"column":33}},"31":{"start":{"line":89,"column":0},"end":{"line":93,"column":3}},"32":{"start":{"line":90,"column":18},"end":{"line":90,"column":54}},"33":{"start":{"line":91,"column":2},"end":{"line":91,"column":31}},"34":{"start":{"line":106,"column":0},"end":{"line":119,"column":3}},"35":{"start":{"line":107,"column":20},"end":{"line":111,"column":3}},"36":{"start":{"line":112,"column":2},"end":{"line":115,"column":3}},"37":{"start":{"line":113,"column":17},"end":{"line":113,"column":51}},"38":{"start":{"line":113,"column":43},"end":{"line":113,"column":50}},"39":{"start":{"line":114,"column":4},"end":{"line":114,"column":36}},"40":{"start":{"line":117,"column":18},"end":{"line":117,"column":67}},"41":{"start":{"line":118,"column":2},"end":{"line":118,"column":31}},"42":{"start":{"line":126,"column":0},"end":{"line":129,"column":3}},"43":{"start":{"line":127,"column":2},"end":{"line":127,"column":42}},"44":{"start":{"line":128,"column":2},"end":{"line":128,"column":50}},"45":{"start":{"line":132,"column":0},"end":{"line":132,"column":24}}},"fnMap":{"0":{"name":"(anonymous_0)","decl":{"start":{"line":28,"column":32},"end":{"line":28,"column":33}},"loc":{"start":{"line":28,"column":64},"end":{"line":41,"column":1}},"line":28},"1":{"name":"(anonymous_1)","decl":{"start":{"line":35,"column":38},"end":{"line":35,"column":39}},"loc":{"start":{"line":35,"column":43},"end":{"line":35,"column":50}},"line":35},"2":{"name":"(anonymous_2)","decl":{"start":{"line":54,"column":16},"end":{"line":54,"column":17}},"loc":{"start":{"line":54,"column":48},"end":{"line":79,"column":1}},"line":54},"3":{"name":"(anonymous_3)","decl":{"start":{"line":57,"column":33},"end":{"line":57,"column":34}},"loc":{"start":{"line":57,"column":42},"end":{"line":65,"column":3}},"line":57},"4":{"name":"(anonymous_4)","decl":{"start":{"line":73,"column":38},"end":{"line":73,"column":39}},"loc":{"start":{"line":73,"column":43},"end":{"line":73,"column":50}},"line":73},"5":{"name":"(anonymous_5)","decl":{"start":{"line":89,"column":23},"end":{"line":89,"column":24}},"loc":{"start":{"line":89,"column":55},"end":{"line":93,"column":1}},"line":89},"6":{"name":"(anonymous_6)","decl":{"start":{"line":106,"column":40},"end":{"line":106,"column":41}},"loc":{"start":{"line":106,"column":72},"end":{"line":119,"column":1}},"line":106},"7":{"name":"(anonymous_7)","decl":{"start":{"line":113,"column":38},"end":{"line":113,"column":39}},"loc":{"start":{"line":113,"column":43},"end":{"line":113,"column":50}},"line":113},"8":{"name":"(anonymous_8)","decl":{"start":{"line":126,"column":41},"end":{"line":126,"column":42}},"loc":{"start":{"line":126,"column":73},"end":{"line":129,"column":1}},"line":126}},"branchMap":{"0":{"loc":{"start":{"line":34,"column":2},"end":{"line":37,"column":3}},"type":"if","locations":[{"start":{"line":34,"column":2},"end":{"line":37,"column":3}},{"start":{},"end":{}}],"line":34},"1":{"loc":{"start":{"line":60,"column":4},"end":{"line":64,"column":5}},"type":"if","locations":[{"start":{"line":60,"column":4},"end":{"line":64,"column":5}},{"start":{"line":62,"column":11},"end":{"line":64,"column":5}}],"line":60},"2":{"loc":{"start":{"line":72,"column":2},"end":{"line":75,"column":3}},"type":"if","locations":[{"start":{"line":72,"column":2},"end":{"line":75,"column":3}},{"start":{},"end":{}}],"line":72},"3":{"loc":{"start":{"line":112,"column":2},"end":{"line":115,"column":3}},"type":"if","locations":[{"start":{"line":112,"column":2},"end":{"line":115,"column":3}},{"start":{},"end":{}}],"line":112}},"s":{"0":1,"1":1,"2":1,"3":1,"4":1,"5":1,"6":1,"7":1,"8":1,"9":1,"10":0,"11":0,"12":0,"13":0,"14":0,"15":0,"16":0,"17":1,"18":0,"19":0,"20":0,"21":0,"22":0,"23":0,"24":0,"25":0,"26":0,"27":0,"28":0,"29":0,"30":0,"31":1,"32":0,"33":0,"34":1,"35":0,"36":0,"37":0,"38":0,"39":0,"40":0,"41":0,"42":1,"43":0,"44":0,"45":1},"f":{"0":0,"1":0,"2":0,"3":0,"4":0,"5":0,"6":0,"7":0,"8":0},"b":{"0":[0,0],"1":[0,0],"2":[0,0],"3":[0,0]},"_coverageSchema":"1a1c01bbd47fc00a2c39e90264f33305004495a9","hash":"7a9eed3093a839ca585c274739242fca67f3cad9"}
,"/home/timtoh168/rithm/exercises/lectures/javascript/express-jobly/routes/jobs.js": {"path":"/home/timtoh168/rithm/exercises/lectures/javascript/express-jobly/routes/jobs.js","statementMap":{"0":{"start":{"line":5,"column":19},"end":{"line":5,"column":40}},"1":{"start":{"line":6,"column":16},"end":{"line":6,"column":34}},"2":{"start":{"line":8,"column":28},"end":{"line":8,"column":54}},"3":{"start":{"line":9,"column":26},"end":{"line":9,"column":55}},"4":{"start":{"line":10,"column":16},"end":{"line":10,"column":44}},"5":{"start":{"line":11,"column":12},"end":{"line":11,"column":36}},"6":{"start":{"line":13,"column":21},"end":{"line":13,"column":54}},"7":{"start":{"line":14,"column":24},"end":{"line":14,"column":60}},"8":{"start":{"line":15,"column":21},"end":{"line":15,"column":54}},"9":{"start":{"line":17,"column":15},"end":{"line":17,"column":35}},"10":{"start":{"line":28,"column":0},"end":{"line":41,"column":3}},"11":{"start":{"line":29,"column":20},"end":{"line":33,"column":3}},"12":{"start":{"line":34,"column":2},"end":{"line":37,"column":3}},"13":{"start":{"line":35,"column":17},"end":{"line":35,"column":51}},"14":{"start":{"line":35,"column":43},"end":{"line":35,"column":50}},"15":{"start":{"line":36,"column":4},"end":{"line":36,"column":36}},"16":{"start":{"line":39,"column":14},"end":{"line":39,"column":40}},"17":{"start":{"line":40,"column":2},"end":{"line":40,"column":39}},"18":{"start":{"line":54,"column":0},"end":{"line":79,"column":3}},"19":{"start":{"line":55,"column":22},"end":{"line":55,"column":24}},"20":{"start":{"line":57,"column":2},"end":{"line":65,"column":5}},"21":{"start":{"line":58,"column":22},"end":{"line":58,"column":44}},"22":{"start":{"line":60,"column":4},"end":{"line":64,"column":5}},"23":{"start":{"line":61,"column":6},"end":{"line":61,"column":40}},"24":{"start":{"line":63,"column":6},"end":{"line":63,"column":37}},"25":{"start":{"line":67,"column":20},"end":{"line":71,"column":3}},"26":{"start":{"line":72,"column":2},"end":{"line":75,"column":3}},"27":{"start":{"line":73,"column":17},"end":{"line":73,"column":51}},"28":{"start":{"line":73,"column":43},"end":{"line":73,"column":50}},"29":{"start":{"line":74,"column":4},"end":{"line":74,"column":36}},"30":{"start":{"line":77,"column":15},"end":{"line":77,"column":45}},"31":{"start":{"line":78,"column":2},"end":{"line":78,"column":28}},"32":{"start":{"line":88,"column":0},"end":{"line":92,"column":3}},"33":{"start":{"line":89,"column":14},"end":{"line":89,"column":42}},"34":{"start":{"line":90,"column":2},"end":{"line":90,"column":27}},"35":{"start":{"line":105,"column":0},"end":{"line":118,"column":3}},"36":{"start":{"line":106,"column":20},"end":{"line":110,"column":3}},"37":{"start":{"line":111,"column":2},"end":{"line":114,"column":3}},"38":{"start":{"line":112,"column":17},"end":{"line":112,"column":51}},"39":{"start":{"line":112,"column":43},"end":{"line":112,"column":50}},"40":{"start":{"line":113,"column":4},"end":{"line":113,"column":36}},"41":{"start":{"line":116,"column":14},"end":{"line":116,"column":55}},"42":{"start":{"line":117,"column":2},"end":{"line":117,"column":27}},"43":{"start":{"line":125,"column":0},"end":{"line":128,"column":3}},"44":{"start":{"line":126,"column":2},"end":{"line":126,"column":34}},"45":{"start":{"line":127,"column":2},"end":{"line":127,"column":46}},"46":{"start":{"line":132,"column":0},"end":{"line":132,"column":24}}},"fnMap":{"0":{"name":"(anonymous_0)","decl":{"start":{"line":28,"column":32},"end":{"line":28,"column":33}},"loc":{"start":{"line":28,"column":64},"end":{"line":41,"column":1}},"line":28},"1":{"name":"(anonymous_1)","decl":{"start":{"line":35,"column":38},"end":{"line":35,"column":39}},"loc":{"start":{"line":35,"column":43},"end":{"line":35,"column":50}},"line":35},"2":{"name":"(anonymous_2)","decl":{"start":{"line":54,"column":16},"end":{"line":54,"column":17}},"loc":{"start":{"line":54,"column":48},"end":{"line":79,"column":1}},"line":54},"3":{"name":"(anonymous_3)","decl":{"start":{"line":57,"column":33},"end":{"line":57,"column":34}},"loc":{"start":{"line":57,"column":42},"end":{"line":65,"column":3}},"line":57},"4":{"name":"(anonymous_4)","decl":{"start":{"line":73,"column":38},"end":{"line":73,"column":39}},"loc":{"start":{"line":73,"column":43},"end":{"line":73,"column":50}},"line":73},"5":{"name":"(anonymous_5)","decl":{"start":{"line":88,"column":19},"end":{"line":88,"column":20}},"loc":{"start":{"line":88,"column":51},"end":{"line":92,"column":1}},"line":88},"6":{"name":"(anonymous_6)","decl":{"start":{"line":105,"column":36},"end":{"line":105,"column":37}},"loc":{"start":{"line":105,"column":68},"end":{"line":118,"column":1}},"line":105},"7":{"name":"(anonymous_7)","decl":{"start":{"line":112,"column":38},"end":{"line":112,"column":39}},"loc":{"start":{"line":112,"column":43},"end":{"line":112,"column":50}},"line":112},"8":{"name":"(anonymous_8)","decl":{"start":{"line":125,"column":37},"end":{"line":125,"column":38}},"loc":{"start":{"line":125,"column":69},"end":{"line":128,"column":1}},"line":125}},"branchMap":{"0":{"loc":{"start":{"line":34,"column":2},"end":{"line":37,"column":3}},"type":"if","locations":[{"start":{"line":34,"column":2},"end":{"line":37,"column":3}},{"start":{},"end":{}}],"line":34},"1":{"loc":{"start":{"line":60,"column":4},"end":{"line":64,"column":5}},"type":"if","locations":[{"start":{"line":60,"column":4},"end":{"line":64,"column":5}},{"start":{"line":62,"column":11},"end":{"line":64,"column":5}}],"line":60},"2":{"loc":{"start":{"line":72,"column":2},"end":{"line":75,"column":3}},"type":"if","locations":[{"start":{"line":72,"column":2},"end":{"line":75,"column":3}},{"start":{},"end":{}}],"line":72},"3":{"loc":{"start":{"line":111,"column":2},"end":{"line":114,"column":3}},"type":"if","locations":[{"start":{"line":111,"column":2},"end":{"line":114,"column":3}},{"start":{},"end":{}}],"line":111}},"s":{"0":1,"1":1,"2":1,"3":1,"4":1,"5":1,"6":1,"7":1,"8":1,"9":1,"10":1,"11":3,"12":3,"13":2,"14":3,"15":2,"16":1,"17":1,"18":1,"19":0,"20":0,"21":0,"22":0,"23":0,"24":0,"25":0,"26":0,"27":0,"28":0,"29":0,"30":0,"31":0,"32":1,"33":2,"34":1,"35":1,"36":4,"37":4,"38":2,"39":2,"40":2,"41":2,"42":1,"43":1,"44":2,"45":1,"46":1},"f":{"0":3,"1":3,"2":0,"3":0,"4":0,"5":2,"6":4,"7":2,"8":2},"b":{"0":[2,1],"1":[0,0],"2":[0,0],"3":[2,2]},"_coverageSchema":"1a1c01bbd47fc00a2c39e90264f33305004495a9","hash":"74cdc10dedc3d69204d14ccfbccc3f06cf5fcbfc"}
,"/home/timtoh168/rithm/exercises/lectures/javascript/express-jobly/routes/users.js": {"path":"/home/timtoh168/rithm/exercises/lectures/javascript/express-jobly/routes/users.js","statementMap":{"0":{"start":{"line":5,"column":19},"end":{"line":5,"column":40}},"1":{"start":{"line":7,"column":16},"end":{"line":7,"column":34}},"2":{"start":{"line":10,"column":40},"end":{"line":10,"column":69}},"3":{"start":{"line":11,"column":28},"end":{"line":11,"column":54}},"4":{"start":{"line":12,"column":13},"end":{"line":12,"column":38}},"5":{"start":{"line":13,"column":24},"end":{"line":13,"column":52}},"6":{"start":{"line":14,"column":22},"end":{"line":14,"column":56}},"7":{"start":{"line":15,"column":25},"end":{"line":15,"column":62}},"8":{"start":{"line":17,"column":15},"end":{"line":17,"column":31}},"9":{"start":{"line":32,"column":0},"end":{"line":46,"column":3}},"10":{"start":{"line":33,"column":20},"end":{"line":37,"column":3}},"11":{"start":{"line":38,"column":2},"end":{"line":41,"column":3}},"12":{"start":{"line":39,"column":17},"end":{"line":39,"column":51}},"13":{"start":{"line":39,"column":43},"end":{"line":39,"column":50}},"14":{"start":{"line":40,"column":4},"end":{"line":40,"column":36}},"15":{"start":{"line":43,"column":15},"end":{"line":43,"column":44}},"16":{"start":{"line":44,"column":16},"end":{"line":44,"column":33}},"17":{"start":{"line":45,"column":2},"end":{"line":45,"column":47}},"18":{"start":{"line":56,"column":0},"end":{"line":59,"column":3}},"19":{"start":{"line":57,"column":16},"end":{"line":57,"column":36}},"20":{"start":{"line":58,"column":2},"end":{"line":58,"column":29}},"21":{"start":{"line":69,"column":0},"end":{"line":72,"column":3}},"22":{"start":{"line":70,"column":15},"end":{"line":70,"column":50}},"23":{"start":{"line":71,"column":2},"end":{"line":71,"column":28}},"24":{"start":{"line":85,"column":0},"end":{"line":98,"column":3}},"25":{"start":{"line":86,"column":20},"end":{"line":90,"column":3}},"26":{"start":{"line":91,"column":2},"end":{"line":94,"column":3}},"27":{"start":{"line":92,"column":17},"end":{"line":92,"column":51}},"28":{"start":{"line":92,"column":43},"end":{"line":92,"column":50}},"29":{"start":{"line":93,"column":4},"end":{"line":93,"column":36}},"30":{"start":{"line":96,"column":15},"end":{"line":96,"column":63}},"31":{"start":{"line":97,"column":2},"end":{"line":97,"column":28}},"32":{"start":{"line":106,"column":0},"end":{"line":109,"column":3}},"33":{"start":{"line":107,"column":2},"end":{"line":107,"column":41}},"34":{"start":{"line":108,"column":2},"end":{"line":108,"column":52}},"35":{"start":{"line":112,"column":0},"end":{"line":112,"column":24}}},"fnMap":{"0":{"name":"(anonymous_0)","decl":{"start":{"line":32,"column":32},"end":{"line":32,"column":33}},"loc":{"start":{"line":32,"column":64},"end":{"line":46,"column":1}},"line":32},"1":{"name":"(anonymous_1)","decl":{"start":{"line":39,"column":38},"end":{"line":39,"column":39}},"loc":{"start":{"line":39,"column":43},"end":{"line":39,"column":50}},"line":39},"2":{"name":"(anonymous_2)","decl":{"start":{"line":56,"column":31},"end":{"line":56,"column":32}},"loc":{"start":{"line":56,"column":63},"end":{"line":59,"column":1}},"line":56},"3":{"name":"(anonymous_3)","decl":{"start":{"line":69,"column":53},"end":{"line":69,"column":54}},"loc":{"start":{"line":69,"column":85},"end":{"line":72,"column":1}},"line":69},"4":{"name":"(anonymous_4)","decl":{"start":{"line":85,"column":55},"end":{"line":85,"column":56}},"loc":{"start":{"line":85,"column":87},"end":{"line":98,"column":1}},"line":85},"5":{"name":"(anonymous_5)","decl":{"start":{"line":92,"column":38},"end":{"line":92,"column":39}},"loc":{"start":{"line":92,"column":43},"end":{"line":92,"column":50}},"line":92},"6":{"name":"(anonymous_6)","decl":{"start":{"line":106,"column":56},"end":{"line":106,"column":57}},"loc":{"start":{"line":106,"column":88},"end":{"line":109,"column":1}},"line":106}},"branchMap":{"0":{"loc":{"start":{"line":38,"column":2},"end":{"line":41,"column":3}},"type":"if","locations":[{"start":{"line":38,"column":2},"end":{"line":41,"column":3}},{"start":{},"end":{}}],"line":38},"1":{"loc":{"start":{"line":91,"column":2},"end":{"line":94,"column":3}},"type":"if","locations":[{"start":{"line":91,"column":2},"end":{"line":94,"column":3}},{"start":{},"end":{}}],"line":91}},"s":{"0":1,"1":1,"2":1,"3":1,"4":1,"5":1,"6":1,"7":1,"8":1,"9":1,"10":0,"11":0,"12":0,"13":0,"14":0,"15":0,"16":0,"17":0,"18":1,"19":0,"20":0,"21":1,"22":0,"23":0,"24":1,"25":0,"26":0,"27":0,"28":0,"29":0,"30":0,"31":0,"32":1,"33":0,"34":0,"35":1},"f":{"0":0,"1":0,"2":0,"3":0,"4":0,"5":0,"6":0},"b":{"0":[0,0],"1":[0,0]},"_coverageSchema":"1a1c01bbd47fc00a2c39e90264f33305004495a9","hash":"90a41e737514c91ef675116cb5a953a6ac4341f5"}
}
