TN:
SF:app.js
FN:30,(anonymous_0)
FN:35,(anonymous_1)
FNF:2
FNH:2
FNDA:2,(anonymous_0)
FNDA:39,(anonymous_1)
DA:5,4
DA:6,4
DA:8,4
DA:10,4
DA:11,4
DA:12,4
DA:13,4
DA:15,4
DA:17,4
DA:19,4
DA:20,4
DA:21,4
DA:22,4
DA:24,4
DA:25,4
DA:26,4
DA:30,4
DA:31,2
DA:35,4
DA:36,39
DA:37,39
DA:38,39
DA:40,39
DA:45,4
LF:24
LH:24
BRDA:36,0,0,1
BRDA:36,0,1,38
BRDA:37,1,0,39
BRDA:37,1,1,0
BRF:4
BRH:3
end_of_record
TN:
SF:config.js
FN:13,getDatabaseUri
FNF:1
FNH:1
FNDA:20,getDatabaseUri
DA:5,10
DA:6,10
DA:8,10
DA:10,10
DA:14,20
DA:22,10
DA:24,10
DA:25,10
DA:26,10
DA:27,10
DA:28,10
DA:29,10
DA:31,10
LF:13
LH:13
BRDA:8,0,0,10
BRDA:8,0,1,0
BRDA:10,1,0,10
BRDA:10,1,1,9
BRDA:14,2,0,17
BRDA:14,2,1,3
BRDA:16,3,0,3
BRDA:16,3,1,1
BRDA:22,4,0,9
BRDA:22,4,1,1
BRF:10
BRH:9
end_of_record
TN:
SF:db.js
FNF:0
FNH:0
DA:5,7
DA:6,7
DA:8,7
DA:12,7
DA:14,7
LF:5
LH:5
BRF:0
BRH:0
end_of_record
TN:
SF:expressError.js
FN:10,(anonymous_0)
FN:20,(anonymous_1)
FN:28,(anonymous_2)
FN:36,(anonymous_3)
FN:44,(anonymous_4)
FNF:5
FNH:4
FNDA:57,(anonymous_0)
FNDA:14,(anonymous_1)
FNDA:22,(anonymous_2)
FNDA:21,(anonymous_3)
FNDA:0,(anonymous_4)
DA:11,57
DA:12,57
DA:13,57
DA:21,14
DA:29,22
DA:37,21
DA:45,0
DA:49,8
LF:8
LH:7
BRDA:20,0,0,2
BRDA:28,1,0,18
BRDA:36,2,0,0
BRDA:44,3,0,0
BRF:4
BRH:2
end_of_record
TN:
SF:helpers/sql.js
FN:12,sqlForPartialUpdate
FN:17,(anonymous_1)
FN:33,buildString
FNF:3
FNH:3
FNDA:18,sqlForPartialUpdate
FNDA:28,(anonymous_1)
FNDA:8,buildString
DA:3,7
DA:13,18
DA:14,18
DA:17,14
DA:18,28
DA:21,14
DA:34,8
DA:37,7
LF:8
LH:8
BRDA:14,0,0,4
BRDA:14,0,1,14
BRDA:18,1,0,28
BRDA:18,1,1,12
BRDA:34,2,0,6
BRDA:34,2,1,2
BRF:6
BRH:6
end_of_record
TN:
SF:helpers/tokens.js
FN:8,createToken
FNF:1
FNH:1
FNDA:13,createToken
DA:3,5
DA:4,5
DA:9,13
DA:12,13
DA:17,13
DA:20,5
LF:6
LH:6
BRDA:14,0,0,13
BRDA:14,0,1,7
BRF:2
BRH:2
end_of_record
TN:
SF:middleware/auth.js
FN:18,authenticateJWT
FN:40,ensureLoggedIn
FN:49,ensureIsAdmin
FN:60,ensureIsAdminOrCurrentUser
FNF:4
FNH:4
FNDA:67,authenticateJWT
FNDA:3,ensureLoggedIn
FNDA:23,ensureIsAdmin
FNDA:21,ensureIsAdminOrCurrentUser
DA:5,5
DA:6,5
DA:7,5
DA:19,67
DA:20,67
DA:21,38
DA:23,38
DA:25,38
DA:26,37
DA:31,67
DA:41,3
DA:42,2
DA:50,23
DA:51,23
DA:52,9
DA:61,21
DA:62,17
DA:63,6
DA:65,7
DA:69,5
LF:20
LH:20
BRDA:20,0,0,38
BRDA:20,0,1,29
BRDA:41,1,0,1
BRDA:41,1,1,2
BRDA:41,2,0,3
BRDA:41,2,1,2
BRDA:51,3,0,14
BRDA:51,3,1,9
BRDA:51,4,0,23
BRDA:51,4,1,19
BRDA:61,5,0,17
BRDA:61,5,1,4
BRDA:62,6,0,11
BRDA:62,6,1,6
BRDA:63,7,0,3
BRDA:63,7,1,3
BRF:16
BRH:16
end_of_record
TN:
SF:models/_testCommon.js
FN:8,commonBeforeAll
FN:34,commonBeforeEach
FN:38,commonAfterEach
FN:42,commonAfterAll
FNF:4
FNH:4
FNDA:2,commonBeforeAll
FNDA:29,commonBeforeEach
FNDA:29,commonAfterEach
FNDA:2,commonAfterAll
DA:3,2
DA:5,2
DA:6,2
DA:10,2
DA:12,2
DA:14,2
DA:20,2
DA:35,29
DA:39,29
DA:43,2
DA:47,2
LF:11
LH:11
BRF:0
BRH:0
end_of_record
TN:
SF:models/company.js
FN:19,(anonymous_0)
FN:58,(anonymous_1)
FN:111,(anonymous_2)
FN:140,(anonymous_3)
FN:172,(anonymous_4)
FNF:5
FNH:5
FNDA:13,(anonymous_0)
FNDA:10,(anonymous_1)
FNDA:5,(anonymous_2)
FNDA:6,(anonymous_3)
FNDA:4,(anonymous_4)
DA:3,5
DA:4,5
DA:5,5
DA:20,13
DA:25,13
DA:26,1
DA:28,12
DA:48,12
DA:50,12
DA:59,10
DA:60,10
DA:63,10
DA:66,2
DA:70,8
DA:71,3
DA:72,3
DA:75,8
DA:76,2
DA:77,2
DA:80,8
DA:81,2
DA:82,2
DA:86,8
DA:88,8
DA:100,8
DA:112,5
DA:121,5
DA:123,5
DA:125,3
DA:141,6
DA:147,5
DA:149,5
DA:159,5
DA:160,5
DA:162,5
DA:164,3
DA:173,4
DA:178,4
DA:180,4
DA:185,5
LF:40
LH:40
BRDA:25,0,0,1
BRDA:25,0,1,12
BRDA:58,1,0,1
BRDA:63,2,0,2
BRDA:63,2,1,8
BRDA:63,3,0,10
BRDA:63,3,1,4
BRDA:63,3,2,2
BRDA:70,4,0,3
BRDA:70,4,1,5
BRDA:75,5,0,2
BRDA:75,5,1,6
BRDA:80,6,0,2
BRDA:80,6,1,6
BRDA:123,7,0,2
BRDA:123,7,1,3
BRDA:162,8,0,2
BRDA:162,8,1,3
BRDA:180,9,0,2
BRDA:180,9,1,2
BRF:20
BRH:20
end_of_record
TN:
SF:models/user.js
FN:24,(anonymous_0)
FN:58,(anonymous_1)
FN:106,(anonymous_2)
FN:128,(anonymous_3)
FN:163,(anonymous_4)
FN:198,(anonymous_5)
FNF:6
FNH:6
FNDA:7,(anonymous_0)
FNDA:16,(anonymous_1)
FNDA:2,(anonymous_2)
FNDA:6,(anonymous_3)
FNDA:9,(anonymous_4)
FNDA:6,(anonymous_5)
DA:3,5
DA:4,5
DA:5,5
DA:10,5
DA:12,5
DA:26,7
DA:37,7
DA:39,7
DA:41,4
DA:42,4
DA:43,3
DA:44,3
DA:48,4
DA:60,16
DA:66,16
DA:67,1
DA:70,15
DA:72,15
DA:96,15
DA:98,15
DA:107,2
DA:117,2
DA:129,6
DA:139,6
DA:141,6
DA:143,4
DA:164,9
DA:165,2
DA:168,9
DA:175,8
DA:176,8
DA:177,8
DA:178,8
DA:187,8
DA:188,8
DA:190,8
DA:192,6
DA:193,6
DA:199,6
DA:205,6
DA:207,6
DA:212,5
LF:42
LH:42
BRDA:39,0,0,4
BRDA:39,0,1,3
BRDA:42,1,0,3
BRDA:42,1,1,1
BRDA:66,2,0,1
BRDA:66,2,1,15
BRDA:141,3,0,2
BRDA:141,3,1,4
BRDA:164,4,0,2
BRDA:164,4,1,7
BRDA:190,5,0,2
BRDA:190,5,1,6
BRDA:207,6,0,2
BRDA:207,6,1,4
BRF:14
BRH:14
end_of_record
TN:
SF:routes/_testCommon.js
FN:8,commonBeforeAll
FN:65,commonBeforeEach
FN:69,commonAfterEach
FN:73,commonAfterAll
FNF:4
FNH:4
FNDA:3,commonBeforeAll
FNDA:61,commonBeforeEach
FNDA:61,commonAfterEach
FNDA:3,commonAfterAll
DA:3,3
DA:4,3
DA:5,3
DA:6,3
DA:10,3
DA:12,3
DA:14,3
DA:22,3
DA:30,3
DA:39,3
DA:47,3
DA:55,3
DA:66,61
DA:70,61
DA:74,3
DA:78,3
DA:79,3
DA:81,3
LF:18
LH:18
BRF:0
BRH:0
end_of_record
TN:
SF:routes/auth.js
FN:22,(anonymous_0)
FN:29,(anonymous_1)
FN:49,(anonymous_2)
FN:56,(anonymous_3)
FNF:4
FNH:4
FNDA:5,(anonymous_0)
FNDA:2,(anonymous_1)
FNDA:3,(anonymous_2)
FNDA:5,(anonymous_3)
DA:5,4
DA:7,4
DA:8,4
DA:9,4
DA:10,4
DA:11,4
DA:12,4
DA:13,4
DA:22,4
DA:23,5
DA:28,5
DA:29,2
DA:30,2
DA:33,3
DA:34,3
DA:35,1
DA:36,1
DA:49,4
DA:50,3
DA:55,3
DA:56,5
DA:57,2
DA:60,1
DA:61,1
DA:62,1
DA:66,4
LF:26
LH:26
BRDA:28,0,0,2
BRDA:28,0,1,3
BRDA:55,1,0,2
BRDA:55,1,1,1
BRF:4
BRH:4
end_of_record
TN:
SF:routes/companies.js
FN:28,(anonymous_0)
FN:35,(anonymous_1)
FN:54,(anonymous_2)
FN:57,(anonymous_3)
FN:73,(anonymous_4)
FN:89,(anonymous_5)
FN:106,(anonymous_6)
FN:113,(anonymous_7)
FN:126,(anonymous_8)
FNF:9
FNH:9
FNDA:3,(anonymous_0)
FNDA:3,(anonymous_1)
FNDA:7,(anonymous_2)
FNDA:7,(anonymous_3)
FNDA:2,(anonymous_4)
FNDA:3,(anonymous_5)
FNDA:4,(anonymous_6)
FNDA:2,(anonymous_7)
FNDA:2,(anonymous_8)
DA:5,4
DA:6,4
DA:8,4
DA:9,4
DA:10,4
DA:12,4
DA:13,4
DA:14,4
DA:16,4
DA:28,4
DA:29,3
DA:34,3
DA:35,3
DA:36,2
DA:39,1
DA:40,1
DA:54,4
DA:55,7
DA:57,7
DA:58,7
DA:60,7
DA:61,0
DA:63,7
DA:67,7
DA:72,7
DA:73,2
DA:74,2
DA:77,5
DA:78,5
DA:89,4
DA:90,3
DA:91,2
DA:106,4
DA:107,4
DA:112,4
DA:113,2
DA:114,2
DA:117,2
DA:118,1
DA:126,4
DA:127,2
DA:128,1
DA:132,4
LF:43
LH:42
BRDA:34,0,0,2
BRDA:34,0,1,1
BRDA:60,1,0,0
BRDA:60,1,1,7
BRDA:72,2,0,2
BRDA:72,2,1,5
BRDA:112,3,0,2
BRDA:112,3,1,2
BRF:8
BRH:7
end_of_record
TN:
SF:routes/users.js
FN:32,(anonymous_0)
FN:39,(anonymous_1)
FN:56,(anonymous_2)
FN:69,(anonymous_3)
FN:85,(anonymous_4)
FN:92,(anonymous_5)
FN:106,(anonymous_6)
FNF:7
FNH:7
FNDA:4,(anonymous_0)
FNDA:5,(anonymous_1)
FNDA:1,(anonymous_2)
FNDA:4,(anonymous_3)
FNDA:6,(anonymous_4)
FNDA:1,(anonymous_5)
FNDA:4,(anonymous_6)
DA:5,4
DA:7,4
DA:10,4
DA:11,4
DA:12,4
DA:13,4
DA:14,4
DA:15,4
DA:17,4
DA:32,4
DA:33,4
DA:38,4
DA:39,5
DA:40,2
DA:43,2
DA:44,2
DA:45,2
DA:56,4
DA:57,1
DA:58,1
DA:69,4
DA:70,4
DA:71,3
DA:85,4
DA:86,6
DA:91,6
DA:92,1
DA:93,1
DA:96,5
DA:97,4
DA:106,4
DA:107,4
DA:108,3
DA:112,4
LF:34
LH:34
BRDA:38,0,0,2
BRDA:38,0,1,2
BRDA:91,1,0,1
BRDA:91,1,1,5
BRF:4
BRH:4
end_of_record
